<?xml version="1.0" encoding="UTF-8"?>
<!-- Generated by org.testng.reporters.JUnitReportReporter -->
<testsuite skipped="0" hostname="DESKTOP-O5NK748" name="scripts.TimeStamp_01" tests="1" failures="0" timestamp="2019-10-25T01:10:11 IST" time="1.141" errors="0">
  <testcase name="writeTest" time="1.141" classname="scripts.TimeStamp_01"/>
</testsuite> <!-- scripts.TimeStamp_01 -->
